<?xml version="1.0" encoding="UTF-8"?>
<!-- Generated by org.testng.reporters.JUnitXMLReporter -->
<testsuite hostname="DESKTOP-RE8T31A" ignored="0" name="ContactsPage Test" tests="2" failures="0" timestamp="2020-07-26T16:01:48 IST" time="28.001" errors="0">
  <testcase name="verifyContactsPageTitle" time="1.039" classname="com.qa.hubspot.tests.ContactsPageTest"/>
  <testcase name="verifyCreatedContact" time="4.476" classname="com.qa.hubspot.tests.ContactsPageTest"/>
</testsuite> <!-- ContactsPage Test -->
