<?xml version="1.0" encoding="UTF-8"?>
<!-- Generated by org.testng.reporters.JUnitXMLReporter -->
<testsuite hostname="DESKTOP-RE8T31A" ignored="1" name="Login Test" tests="1" failures="0" timestamp="2020-09-07T23:37:56 IST" time="17.821" errors="0">
  <testcase name="verifyLoginPageTitle" time="0.643" classname="TestNGSessions.LoginTestHubSpotTest"/>
  <testcase name="signUpLinkTest" time="0.0" classname="TestNGSessions.LoginTestHubSpotTest">
    <ignored/>
  </testcase> <!-- signUpLinkTest -->
</testsuite> <!-- Login Test -->
