<?xml version="1.0" encoding="UTF-8"?>
<!-- Generated by org.testng.reporters.JUnitXMLReporter -->
<testsuite hostname="DESKTOP-RE8T31A" ignored="1" name="Sign Up Test" tests="1" failures="0" timestamp="2020-09-07T23:38:03 IST" time="25.173" errors="0">
  <testcase name="validateSignUpFunctionality" time="0.008" classname="TestNGSessions.SignUpTest"/>
  <testcase name="signUpLinkTest" time="0.0" classname="TestNGSessions.SignUpTest">
    <ignored/>
  </testcase> <!-- signUpLinkTest -->
</testsuite> <!-- Sign Up Test -->
